Case #1: our language is impossible to understand
Case #2: there are twenty six factorial possibilities
Case #3: so it is okay if you want to just give up
Case #4: xoggk d yl wxo vkkvgo ekso uyl wonw sywy
Case #5: xkf yto akj
Case #6: yabba dabba yabba dabba yabba dabba yabba dabba yabba dabba yabba dabba yabba dabba yabba dooooooooo
Case #7: a b c d e f g h i j k l m n o p q r s t u v y w x y z now i know my abcs
Case #8: next time wont you sing with me
Case #9: i have bested fruit spike and moon now i shall best you the guy
Case #10: you pissed off the chicken lady
Case #11: let lips do what hands do
Case #12: you better cut the pizza in four pieces because im not hungry enough to eat six
Case #13: oh hai im in ur computer eating your cheezburgers and googleresing your textz
Case #14: you want sell things at me boing zooom
Case #15: our code jam is like the pythagorean theorem
Case #16: there is no answer
Case #17: f of two equals f of one equals one
Case #18: for i between three and n f of i equals f of i minus one plus f of i minus two
Case #19: by the pricking of my thumbs something wicked this way comes
Case #20: this here is gunpowder activated twenty seven caliber full auto no kickback nailthrowing mayhem
Case #21: it was the best of times it was the blurst of times
Case #22: this is so exciting i have to go the bathroom
Case #23: thank you but the real googlerese is in another castle
Case #24: swift as the wind quiet as the forest steady as the mountain
Case #25: now that you know googlerese please do not use it to hack into our systems
Case #26: pneumonoultramicroscopicsilicovolcanoconiosis
Case #27: how are you holding up because im a potato
Case #28: translating text is not goros strength
Case #29: strength is goros strength
Case #30: an eye for an eye and a pigeon for a pigeon
